<?xml version="1.0" encoding="UTF-8"?>
<coverage generated="1571146286">
  <project timestamp="1571146286">
    <file name="/home/naoray/Workspace/lab/packages/laravel-pipes/src/Contracts/Registrar.php">
      <metrics loc="50" ncloc="16" classes="0" methods="0" coveredmethods="0" conditionals="0" coveredconditionals="0" statements="0" coveredstatements="0" elements="0" coveredelements="0"/>
    </file>
    <package name="Mshule\LaravelPipes\Events">
      <file name="/home/naoray/Workspace/lab/packages/laravel-pipes/src/Events/IncomingPipeRequest.php">
        <class name="Mshule\LaravelPipes\Events\IncomingPipeRequest" namespace="Mshule\LaravelPipes\Events">
          <metrics complexity="1" methods="1" coveredmethods="1" conditionals="0" coveredconditionals="0" statements="2" coveredstatements="2" elements="3" coveredelements="3"/>
        </class>
        <line num="24" type="method" name="__construct" visibility="public" complexity="1" crap="1" count="24"/>
        <line num="26" type="stmt" count="24"/>
        <line num="27" type="stmt" count="24"/>
        <metrics loc="28" ncloc="20" classes="1" methods="1" coveredmethods="1" conditionals="0" coveredconditionals="0" statements="2" coveredstatements="2" elements="3" coveredelements="3"/>
      </file>
      <file name="/home/naoray/Workspace/lab/packages/laravel-pipes/src/Events/IncomingPipeResponse.php">
        <class name="Mshule\LaravelPipes\Events\IncomingPipeResponse" namespace="Mshule\LaravelPipes\Events">
          <metrics complexity="1" methods="1" coveredmethods="1" conditionals="0" coveredconditionals="0" statements="2" coveredstatements="2" elements="3" coveredelements="3"/>
        </class>
        <line num="23" type="method" name="__construct" visibility="public" complexity="1" crap="1" count="23"/>
        <line num="25" type="stmt" count="23"/>
        <line num="26" type="stmt" count="23"/>
        <metrics loc="27" ncloc="19" classes="1" methods="1" coveredmethods="1" conditionals="0" coveredconditionals="0" statements="2" coveredstatements="2" elements="3" coveredelements="3"/>
      </file>
    </package>
    <package name="Mshule\LaravelPipes\Exceptions">
      <file name="/home/naoray/Workspace/lab/packages/laravel-pipes/src/Exceptions/NotFoundPipeException.php">
        <class name="Mshule\LaravelPipes\Exceptions\NotFoundPipeException" namespace="Mshule\LaravelPipes\Exceptions">
          <metrics complexity="2" methods="1" coveredmethods="1" conditionals="0" coveredconditionals="0" statements="2" coveredstatements="2" elements="3" coveredelements="3"/>
        </class>
        <line num="16" type="method" name="__construct" visibility="public" complexity="2" crap="2" count="7"/>
        <line num="18" type="stmt" count="7"/>
        <line num="19" type="stmt" count="7"/>
        <metrics loc="20" ncloc="14" classes="1" methods="1" coveredmethods="1" conditionals="0" coveredconditionals="0" statements="2" coveredstatements="2" elements="3" coveredelements="3"/>
      </file>
    </package>
    <package name="Mshule\LaravelPipes\Facades">
      <file name="/home/naoray/Workspace/lab/packages/laravel-pipes/src/Facades/Pipe.php">
        <class name="Mshule\LaravelPipes\Facades\Pipe" namespace="Mshule\LaravelPipes\Facades">
          <metrics complexity="3" methods="2" coveredmethods="1" conditionals="0" coveredconditionals="0" statements="7" coveredstatements="6" elements="9" coveredelements="7"/>
        </class>
        <line num="20" type="method" name="fake" visibility="public" complexity="2" crap="2.02" count="21"/>
        <line num="22" type="stmt" count="21"/>
        <line num="23" type="stmt" count="21"/>
        <line num="24" type="stmt" count="0"/>
        <line num="25" type="stmt" count="21"/>
        <line num="28" type="stmt" count="21"/>
        <line num="30" type="stmt" count="21"/>
        <line num="38" type="method" name="getFacadeAccessor" visibility="protected" complexity="1" crap="1" count="23"/>
        <line num="40" type="stmt" count="23"/>
        <metrics loc="42" ncloc="30" classes="1" methods="2" coveredmethods="1" conditionals="0" coveredconditionals="0" statements="7" coveredstatements="6" elements="9" coveredelements="7"/>
      </file>
    </package>
    <package name="Mshule\LaravelPipes\Jobs">
      <file name="/home/naoray/Workspace/lab/packages/laravel-pipes/src/Jobs/ExecutePipeRequest.php">
        <class name="Mshule\LaravelPipes\Jobs\ExecutePipeRequest" namespace="Mshule\LaravelPipes\Jobs">
          <metrics complexity="2" methods="2" coveredmethods="2" conditionals="0" coveredconditionals="0" statements="9" coveredstatements="9" elements="11" coveredelements="11"/>
        </class>
        <line num="29" type="method" name="__construct" visibility="public" complexity="1" crap="1" count="24"/>
        <line num="31" type="stmt" count="24"/>
        <line num="32" type="stmt" count="24"/>
        <line num="37" type="method" name="handle" visibility="public" complexity="1" crap="1" count="24"/>
        <line num="39" type="stmt" count="24"/>
        <line num="40" type="stmt" count="24"/>
        <line num="42" type="stmt" count="24"/>
        <line num="44" type="stmt" count="24"/>
        <line num="46" type="stmt" count="23"/>
        <line num="48" type="stmt" count="23"/>
        <line num="49" type="stmt" count="23"/>
        <metrics loc="50" ncloc="39" classes="1" methods="2" coveredmethods="2" conditionals="0" coveredconditionals="0" statements="9" coveredstatements="9" elements="11" coveredelements="11"/>
      </file>
    </package>
    <package name="Mshule\LaravelPipes">
      <file name="/home/naoray/Workspace/lab/packages/laravel-pipes/src/Kernel.php">
        <class name="Mshule\LaravelPipes\Kernel" namespace="Mshule\LaravelPipes">
          <metrics complexity="10" methods="5" coveredmethods="3" conditionals="0" coveredconditionals="0" statements="26" coveredstatements="19" elements="31" coveredelements="22"/>
        </class>
        <line num="60" type="method" name="__construct" visibility="public" complexity="1" crap="1" count="24"/>
        <line num="62" type="stmt" count="24"/>
        <line num="64" type="stmt" count="24"/>
        <line num="65" type="stmt" count="24"/>
        <line num="74" type="method" name="handle" visibility="public" complexity="4" crap="7.46" count="24"/>
        <line num="77" type="stmt" count="24"/>
        <line num="78" type="stmt" count="1"/>
        <line num="79" type="stmt" count="1"/>
        <line num="80" type="stmt" count="0"/>
        <line num="81" type="stmt" count="0"/>
        <line num="83" type="stmt" count="0"/>
        <line num="84" type="stmt" count="0"/>
        <line num="85" type="stmt" count="0"/>
        <line num="87" type="stmt" count="0"/>
        <line num="90" type="stmt" count="23"/>
        <line num="100" type="method" name="sendRequestThroughPipes" visibility="protected" complexity="2" crap="2" count="24"/>
        <line num="102" type="stmt" count="24"/>
        <line num="104" type="stmt" count="24"/>
        <line num="106" type="stmt" count="24"/>
        <line num="108" type="stmt" count="24"/>
        <line num="109" type="stmt" count="24"/>
        <line num="110" type="stmt" count="24"/>
        <line num="111" type="stmt" count="24"/>
        <line num="119" type="method" name="dispatchToPiper" visibility="protected" complexity="1" crap="1" count="24"/>
        <line num="122" type="stmt" count="24"/>
        <line num="124" type="stmt" count="24"/>
        <line num="125" type="stmt" count="24"/>
        <line num="135" type="method" name="gatherRouteMiddleware" visibility="protected" complexity="2" crap="2.15" count="23"/>
        <line num="137" type="stmt" count="23"/>
        <line num="138" type="stmt" count="0"/>
        <line num="141" type="stmt" count="23"/>
        <metrics loc="143" ncloc="89" classes="1" methods="5" coveredmethods="3" conditionals="0" coveredconditionals="0" statements="26" coveredstatements="19" elements="31" coveredelements="22"/>
      </file>
      <file name="/home/naoray/Workspace/lab/packages/laravel-pipes/src/LaravelPipesServiceProvider.php">
        <class name="Mshule\LaravelPipes\LaravelPipesServiceProvider" namespace="Mshule\LaravelPipes">
          <metrics complexity="6" methods="5" coveredmethods="3" conditionals="0" coveredconditionals="0" statements="25" coveredstatements="20" elements="30" coveredelements="23"/>
        </class>
        <line num="13" type="method" name="register" visibility="public" complexity="1" crap="1" count="24"/>
        <line num="15" type="stmt" count="24"/>
        <line num="17" type="stmt" count="24"/>
        <line num="18" type="stmt" count="24"/>
        <line num="20" type="stmt" count="24"/>
        <line num="25" type="method" name="performBindings" visibility="protected" complexity="1" crap="1" count="24"/>
        <line num="28" type="stmt" count="3"/>
        <line num="29" type="stmt" count="24"/>
        <line num="32" type="stmt" count="24"/>
        <line num="33" type="stmt" count="24"/>
        <line num="35" type="stmt" count="24"/>
        <line num="38" type="stmt" count="20"/>
        <line num="39" type="stmt" count="24"/>
        <line num="40" type="stmt" count="24"/>
        <line num="45" type="method" name="boot" visibility="public" complexity="1" crap="1" count="24"/>
        <line num="47" type="stmt" count="24"/>
        <line num="48" type="stmt" count="24"/>
        <line num="49" type="stmt" count="24"/>
        <line num="52" type="stmt" count="24"/>
        <line num="53" type="stmt" count="24"/>
        <line num="58" type="method" name="loadRoutes" visibility="protected" complexity="2" crap="2.06" count="24"/>
        <line num="60" type="stmt" count="24"/>
        <line num="62" type="stmt" count="24"/>
        <line num="63" type="stmt" count="0"/>
        <line num="65" type="stmt" count="24"/>
        <line num="72" type="method" name="mapPipeRoutes" visibility="protected" complexity="1" crap="2.00" count="0"/>
        <line num="74" type="stmt" count="0"/>
        <line num="75" type="stmt" count="0"/>
        <line num="76" type="stmt" count="0"/>
        <line num="77" type="stmt" count="0"/>
        <metrics loc="78" ncloc="61" classes="1" methods="5" coveredmethods="3" conditionals="0" coveredconditionals="0" statements="25" coveredstatements="20" elements="30" coveredelements="23"/>
      </file>
      <file name="/home/naoray/Workspace/lab/packages/laravel-pipes/src/Pipe.php">
        <class name="Mshule\LaravelPipes\Pipe" namespace="Mshule\LaravelPipes">
          <metrics complexity="26" methods="16" coveredmethods="14" conditionals="0" coveredconditionals="0" statements="47" coveredstatements="45" elements="63" coveredelements="59"/>
        </class>
        <line num="58" type="method" name="__construct" visibility="public" complexity="1" crap="1" count="19"/>
        <line num="60" type="stmt" count="19"/>
        <line num="62" type="stmt" count="19"/>
        <line num="63" type="stmt" count="19"/>
        <line num="64" type="stmt" count="19"/>
        <line num="65" type="stmt" count="19"/>
        <line num="76" type="method" name="parseAction" visibility="protected" complexity="1" crap="1" count="19"/>
        <line num="78" type="stmt" count="19"/>
        <line num="88" type="method" name="setPiper" visibility="public" complexity="1" crap="1" count="19"/>
        <line num="90" type="stmt" count="19"/>
        <line num="92" type="stmt" count="19"/>
        <line num="100" type="method" name="cue" visibility="public" complexity="1" crap="1" count="19"/>
        <line num="102" type="stmt" count="19"/>
        <line num="110" type="method" name="key" visibility="public" complexity="4" crap="4.03" count="19"/>
        <line num="112" type="stmt" count="19"/>
        <line num="113" type="stmt" count="3"/>
        <line num="116" type="stmt" count="19"/>
        <line num="117" type="stmt" count="19"/>
        <line num="120" type="stmt" count="3"/>
        <line num="122" type="stmt" count="3"/>
        <line num="123" type="stmt" count="0"/>
        <line num="126" type="stmt" count="3"/>
        <line num="136" type="method" name="bind" visibility="public" complexity="1" crap="1" count="17"/>
        <line num="138" type="stmt" count="17"/>
        <line num="140" type="stmt" count="17"/>
        <line num="141" type="stmt" count="17"/>
        <line num="143" type="stmt" count="17"/>
        <line num="145" type="stmt" count="17"/>
        <line num="153" type="method" name="getValidators" visibility="public" complexity="2" crap="2.06" count="19"/>
        <line num="155" type="stmt" count="19"/>
        <line num="156" type="stmt" count="18"/>
        <line num="162" type="stmt" count="0"/>
        <line num="163" type="stmt" count="1"/>
        <line num="172" type="method" name="path" visibility="public" complexity="2" crap="2" count="17"/>
        <line num="175" type="stmt" count="6"/>
        <line num="176" type="stmt" count="17"/>
        <line num="178" type="stmt" count="17"/>
        <line num="180" type="stmt" count="17"/>
        <line num="190" type="method" name="alias" visibility="public" complexity="2" crap="2" count="2"/>
        <line num="192" type="stmt" count="2"/>
        <line num="193" type="stmt" count="2"/>
        <line num="196" type="stmt" count="2"/>
        <line num="207" type="method" name="parseAlias" visibility="protected" complexity="2" crap="2" count="2"/>
        <line num="209" type="stmt" count="2"/>
        <line num="219" type="method" name="hasAlias" visibility="public" complexity="2" crap="2" count="5"/>
        <line num="221" type="stmt" count="5"/>
        <line num="222" type="stmt" count="5"/>
        <line num="226" type="stmt" count="3"/>
        <line num="227" type="stmt" count="3"/>
        <line num="235" type="method" name="getAlias" visibility="public" complexity="1" crap="1" count="5"/>
        <line num="237" type="stmt" count="5"/>
        <line num="245" type="method" name="cueStartsWithPlaceholder" visibility="public" complexity="1" crap="1" count="19"/>
        <line num="247" type="stmt" count="19"/>
        <line num="255" type="method" name="cueContainsPlaceholder" visibility="public" complexity="1" crap="1" count="15"/>
        <line num="257" type="stmt" count="15"/>
        <line num="265" type="method" name="cueIsPlaceholder" visibility="public" complexity="1" crap="1" count="2"/>
        <line num="267" type="stmt" count="2"/>
        <line num="275" type="method" name="paramKey" visibility="public" complexity="3" crap="3" count="6"/>
        <line num="277" type="stmt" count="6"/>
        <line num="278" type="stmt" count="4"/>
        <line num="281" type="stmt" count="2"/>
        <line num="282" type="stmt" count="1"/>
        <line num="283" type="stmt" count="2"/>
        <metrics loc="285" ncloc="157" classes="1" methods="16" coveredmethods="14" conditionals="0" coveredconditionals="0" statements="47" coveredstatements="45" elements="63" coveredelements="59"/>
      </file>
      <file name="/home/naoray/Workspace/lab/packages/laravel-pipes/src/PipeAction.php">
        <class name="Mshule\LaravelPipes\PipeAction" namespace="Mshule\LaravelPipes">
          <metrics complexity="3" methods="2" coveredmethods="0" conditionals="0" coveredconditionals="0" statements="5" coveredstatements="0" elements="7" coveredelements="0"/>
        </class>
        <line num="18" type="method" name="missingAction" visibility="protected" complexity="1" crap="2.00" count="0"/>
        <line num="21" type="stmt" count="0"/>
        <line num="22" type="stmt" count="0"/>
        <line num="34" type="method" name="makeInvokable" visibility="protected" complexity="2" crap="6.00" count="0"/>
        <line num="36" type="stmt" count="0"/>
        <line num="37" type="stmt" count="0"/>
        <line num="40" type="stmt" count="0"/>
        <metrics loc="42" ncloc="26" classes="1" methods="2" coveredmethods="0" conditionals="0" coveredconditionals="0" statements="5" coveredstatements="0" elements="7" coveredelements="0"/>
      </file>
      <file name="/home/naoray/Workspace/lab/packages/laravel-pipes/src/PipeCollection.php">
        <class name="Mshule\LaravelPipes\PipeCollection" namespace="Mshule\LaravelPipes">
          <metrics complexity="10" methods="8" coveredmethods="6" conditionals="0" coveredconditionals="0" statements="26" coveredstatements="24" elements="34" coveredelements="30"/>
        </class>
        <line num="35" type="method" name="add" visibility="public" complexity="1" crap="1" count="19"/>
        <line num="37" type="stmt" count="19"/>
        <line num="39" type="stmt" count="19"/>
        <line num="47" type="method" name="addToCollections" visibility="protected" complexity="1" crap="1" count="19"/>
        <line num="49" type="stmt" count="19"/>
        <line num="50" type="stmt" count="19"/>
        <line num="52" type="stmt" count="19"/>
        <line num="53" type="stmt" count="19"/>
        <line num="54" type="stmt" count="19"/>
        <line num="64" type="method" name="match" visibility="public" complexity="2" crap="2" count="24"/>
        <line num="66" type="stmt" count="24"/>
        <line num="71" type="stmt" count="24"/>
        <line num="73" type="stmt" count="24"/>
        <line num="74" type="stmt" count="17"/>
        <line num="77" type="stmt" count="7"/>
        <line num="87" type="method" name="get" visibility="public" complexity="2" crap="2" count="24"/>
        <line num="89" type="stmt" count="24"/>
        <line num="90" type="stmt" count="4"/>
        <line num="93" type="stmt" count="20"/>
        <line num="96" type="stmt" count="20"/>
        <line num="97" type="stmt" count="20"/>
        <line num="98" type="stmt" count="20"/>
        <line num="99" type="stmt" count="20"/>
        <line num="110" type="method" name="matchAgainstPipes" visibility="protected" complexity="1" crap="1" count="24"/>
        <line num="113" type="stmt" count="19"/>
        <line num="114" type="stmt" count="24"/>
        <line num="117" type="stmt" count="19"/>
        <line num="118" type="stmt" count="24"/>
        <line num="126" type="method" name="getPipes" visibility="public" complexity="1" crap="1" count="4"/>
        <line num="128" type="stmt" count="4"/>
        <line num="136" type="method" name="getIterator" visibility="public" complexity="1" crap="2.00" count="0"/>
        <line num="138" type="stmt" count="0"/>
        <line num="146" type="method" name="count" visibility="public" complexity="1" crap="2.00" count="0"/>
        <line num="148" type="stmt" count="0"/>
        <metrics loc="150" ncloc="84" classes="1" methods="8" coveredmethods="6" conditionals="0" coveredconditionals="0" statements="26" coveredstatements="24" elements="34" coveredelements="30"/>
      </file>
      <file name="/home/naoray/Workspace/lab/packages/laravel-pipes/src/PipeGroup.php">
        <class name="Mshule\LaravelPipes\PipeGroup" namespace="Mshule\LaravelPipes">
          <metrics complexity="3" methods="2" coveredmethods="1" conditionals="0" coveredconditionals="0" statements="10" coveredstatements="9" elements="12" coveredelements="10"/>
        </class>
        <line num="18" type="method" name="merge" visibility="public" complexity="1" crap="1" count="4"/>
        <line num="20" type="stmt" count="4"/>
        <line num="21" type="stmt" count="4"/>
        <line num="22" type="stmt" count="4"/>
        <line num="23" type="stmt" count="4"/>
        <line num="26" type="stmt" count="4"/>
        <line num="27" type="stmt" count="4"/>
        <line num="28" type="stmt" count="4"/>
        <line num="40" type="method" name="formatKey" visibility="public" complexity="2" crap="2.15" count="4"/>
        <line num="42" type="stmt" count="4"/>
        <line num="43" type="stmt" count="0"/>
        <line num="44" type="stmt" count="4"/>
        <metrics loc="46" ncloc="30" classes="1" methods="2" coveredmethods="1" conditionals="0" coveredconditionals="0" statements="10" coveredstatements="9" elements="12" coveredelements="10"/>
      </file>
      <file name="/home/naoray/Workspace/lab/packages/laravel-pipes/src/PipeParameterBinder.php">
        <class name="Mshule\LaravelPipes\PipeParameterBinder" namespace="Mshule\LaravelPipes">
          <metrics complexity="1" methods="1" coveredmethods="1" conditionals="0" coveredconditionals="0" statements="2" coveredstatements="2" elements="3" coveredelements="3"/>
        </class>
        <line num="15" type="method" name="bindPathParameters" visibility="protected" complexity="1" crap="1" count="17"/>
        <line num="17" type="stmt" count="17"/>
        <line num="19" type="stmt" count="17"/>
        <metrics loc="21" ncloc="15" classes="1" methods="1" coveredmethods="1" conditionals="0" coveredconditionals="0" statements="2" coveredstatements="2" elements="3" coveredelements="3"/>
      </file>
      <file name="/home/naoray/Workspace/lab/packages/laravel-pipes/src/PipeRegistrar.php">
        <class name="Mshule\LaravelPipes\PipeRegistrar" namespace="Mshule\LaravelPipes">
          <metrics complexity="17" methods="7" coveredmethods="4" conditionals="0" coveredconditionals="0" statements="26" coveredstatements="17" elements="33" coveredelements="21"/>
        </class>
        <line num="41" type="method" name="__construct" visibility="public" complexity="1" crap="1" count="6"/>
        <line num="43" type="stmt" count="6"/>
        <line num="44" type="stmt" count="6"/>
        <line num="56" type="method" name="attribute" visibility="public" complexity="2" crap="2.06" count="6"/>
        <line num="58" type="stmt" count="6"/>
        <line num="59" type="stmt" count="0"/>
        <line num="62" type="stmt" count="6"/>
        <line num="64" type="stmt" count="6"/>
        <line num="72" type="method" name="group" visibility="public" complexity="1" crap="1" count="4"/>
        <line num="74" type="stmt" count="4"/>
        <line num="75" type="stmt" count="4"/>
        <line num="86" type="method" name="match" visibility="public" complexity="1" crap="1" count="1"/>
        <line num="88" type="stmt" count="1"/>
        <line num="100" type="method" name="registerPipe" visibility="protected" complexity="3" crap="3" count="1"/>
        <line num="102" type="stmt" count="1"/>
        <line num="103" type="stmt" count="1"/>
        <line num="106" type="stmt" count="1"/>
        <line num="116" type="method" name="compileAction" visibility="protected" complexity="4" crap="4.13" count="2"/>
        <line num="118" type="stmt" count="2"/>
        <line num="119" type="stmt" count="0"/>
        <line num="122" type="stmt" count="2"/>
        <line num="123" type="stmt" count="1"/>
        <line num="126" type="stmt" count="2"/>
        <line num="139" type="method" name="__call" visibility="public" complexity="5" crap="16.76" count="1"/>
        <line num="141" type="stmt" count="1"/>
        <line num="142" type="stmt" count="1"/>
        <line num="145" type="stmt" count="0"/>
        <line num="146" type="stmt" count="0"/>
        <line num="147" type="stmt" count="0"/>
        <line num="150" type="stmt" count="0"/>
        <line num="153" type="stmt" count="0"/>
        <line num="154" type="stmt" count="0"/>
        <line num="155" type="stmt" count="0"/>
        <metrics loc="159" ncloc="89" classes="1" methods="7" coveredmethods="4" conditionals="0" coveredconditionals="0" statements="26" coveredstatements="17" elements="33" coveredelements="21"/>
      </file>
      <file name="/home/naoray/Workspace/lab/packages/laravel-pipes/src/Piper.php">
        <class name="Mshule\LaravelPipes\Piper" namespace="Mshule\LaravelPipes">
          <metrics complexity="32" methods="17" coveredmethods="12" conditionals="0" coveredconditionals="0" statements="52" coveredstatements="46" elements="69" coveredelements="58"/>
        </class>
        <line num="31" type="method" name="__construct" visibility="public" complexity="2" crap="2" count="24"/>
        <line num="33" type="stmt" count="24"/>
        <line num="34" type="stmt" count="24"/>
        <line num="35" type="stmt" count="24"/>
        <line num="46" type="method" name="any" visibility="public" complexity="1" crap="1" count="8"/>
        <line num="48" type="stmt" count="8"/>
        <line num="58" type="method" name="fallback" visibility="public" complexity="1" crap="1" count="1"/>
        <line num="60" type="stmt" count="1"/>
        <line num="62" type="stmt" count="1"/>
        <line num="63" type="stmt" count="1"/>
        <line num="64" type="stmt" count="1"/>
        <line num="66" type="stmt" count="1"/>
        <line num="78" type="method" name="match" visibility="public" complexity="4" crap="4" count="10"/>
        <line num="84" type="stmt" count="10"/>
        <line num="85" type="stmt" count="3"/>
        <line num="88" type="stmt" count="7"/>
        <line num="98" type="method" name="mergeWithLastGroup" visibility="public" complexity="1" crap="1" count="4"/>
        <line num="100" type="stmt" count="4"/>
        <line num="112" type="method" name="addPipe" visibility="public" complexity="1" crap="1" count="19"/>
        <line num="114" type="stmt" count="19"/>
        <line num="124" type="method" name="addRoute" visibility="public" complexity="1" crap="2.00" count="0"/>
        <line num="126" type="stmt" count="0"/>
        <line num="127" type="stmt" count="0"/>
        <line num="138" type="method" name="createPipe" visibility="protected" complexity="8" crap="8.02" count="19"/>
        <line num="143" type="stmt" count="19"/>
        <line num="144" type="stmt" count="3"/>
        <line num="145" type="stmt" count="3"/>
        <line num="146" type="stmt" count="3"/>
        <line num="152" type="stmt" count="19"/>
        <line num="153" type="stmt" count="0"/>
        <line num="159" type="stmt" count="19"/>
        <line num="160" type="stmt" count="2"/>
        <line num="163" type="stmt" count="19"/>
        <line num="164" type="stmt" count="19"/>
        <line num="172" type="stmt" count="19"/>
        <line num="173" type="stmt" count="4"/>
        <line num="176" type="stmt" count="19"/>
        <line num="178" type="stmt" count="19"/>
        <line num="190" type="method" name="newPipe" visibility="protected" complexity="1" crap="1" count="19"/>
        <line num="192" type="stmt" count="19"/>
        <line num="193" type="stmt" count="19"/>
        <line num="194" type="stmt" count="19"/>
        <line num="204" type="method" name="dispatchToRoute" visibility="public" complexity="1" crap="1" count="24"/>
        <line num="206" type="stmt" count="24"/>
        <line num="215" type="method" name="findPipe" visibility="protected" complexity="1" crap="1" count="24"/>
        <line num="217" type="stmt" count="24"/>
        <line num="219" type="stmt" count="17"/>
        <line num="230" type="method" name="runPipe" visibility="protected" complexity="1" crap="1.01" count="17"/>
        <line num="233" type="stmt" count="0"/>
        <line num="234" type="stmt" count="17"/>
        <line num="236" type="stmt" count="17"/>
        <line num="237" type="stmt" count="17"/>
        <line num="238" type="stmt" count="17"/>
        <line num="247" type="method" name="getResponseResolver" visibility="public" complexity="2" crap="2" count="23"/>
        <line num="250" type="stmt" count="22"/>
        <line num="251" type="stmt" count="23"/>
        <line num="261" type="method" name="setResponseResolver" visibility="public" complexity="1" crap="1" count="1"/>
        <line num="263" type="stmt" count="1"/>
        <line num="265" type="stmt" count="1"/>
        <line num="273" type="method" name="response" visibility="public" complexity="1" crap="1" count="23"/>
        <line num="275" type="stmt" count="23"/>
        <line num="283" type="method" name="handleNotIntendedMethods" visibility="private" complexity="1" crap="2.00" count="0"/>
        <line num="285" type="stmt" count="0"/>
        <line num="296" type="method" name="__call" visibility="public" complexity="4" crap="4.13" count="6"/>
        <line num="298" type="stmt" count="6"/>
        <line num="299" type="stmt" count="0"/>
        <line num="302" type="stmt" count="6"/>
        <line num="303" type="stmt" count="1"/>
        <line num="306" type="stmt" count="5"/>
        <metrics loc="308" ncloc="148" classes="1" methods="17" coveredmethods="12" conditionals="0" coveredconditionals="0" statements="52" coveredstatements="46" elements="69" coveredelements="58"/>
      </file>
      <file name="/home/naoray/Workspace/lab/packages/laravel-pipes/src/Request.php">
        <class name="Mshule\LaravelPipes\Request" namespace="Mshule\LaravelPipes">
          <metrics complexity="8" methods="5" coveredmethods="3" conditionals="0" coveredconditionals="0" statements="16" coveredstatements="11" elements="21" coveredelements="14"/>
        </class>
        <line num="24" type="method" name="destruct" visibility="public" complexity="1" crap="1" count="24"/>
        <line num="27" type="stmt" count="24"/>
        <line num="28" type="stmt" count="24"/>
        <line num="29" type="stmt" count="24"/>
        <line num="30" type="stmt" count="24"/>
        <line num="31" type="stmt" count="24"/>
        <line num="32" type="stmt" count="24"/>
        <line num="33" type="stmt" count="24"/>
        <line num="44" type="method" name="reconstruct" visibility="public" complexity="1" crap="1" count="24"/>
        <line num="47" type="stmt" count="24"/>
        <line num="48" type="stmt" count="24"/>
        <line num="56" type="method" name="getPipeResolver" visibility="public" complexity="2" crap="6.00" count="0"/>
        <line num="59" type="stmt" count="0"/>
        <line num="69" type="method" name="setPipeResolver" visibility="public" complexity="1" crap="1" count="17"/>
        <line num="71" type="stmt" count="17"/>
        <line num="73" type="stmt" count="17"/>
        <line num="84" type="method" name="pipe" visibility="public" complexity="3" crap="12.00" count="0"/>
        <line num="86" type="stmt" count="0"/>
        <line num="88" type="stmt" count="0"/>
        <line num="89" type="stmt" count="0"/>
        <line num="92" type="stmt" count="0"/>
        <metrics loc="94" ncloc="55" classes="1" methods="5" coveredmethods="3" conditionals="0" coveredconditionals="0" statements="16" coveredstatements="11" elements="21" coveredelements="14"/>
      </file>
      <file name="/home/naoray/Workspace/lab/packages/laravel-pipes/src/Response.php">
        <class name="Mshule\LaravelPipes\Response" namespace="Mshule\LaravelPipes">
          <metrics complexity="2" methods="1" coveredmethods="1" conditionals="0" coveredconditionals="0" statements="3" coveredstatements="3" elements="4" coveredelements="4"/>
        </class>
        <line num="16" type="method" name="from" visibility="public" complexity="2" crap="2" count="23"/>
        <line num="18" type="stmt" count="23"/>
        <line num="19" type="stmt" count="23"/>
        <line num="20" type="stmt" count="23"/>
        <metrics loc="22" ncloc="15" classes="1" methods="1" coveredmethods="1" conditionals="0" coveredconditionals="0" statements="3" coveredstatements="3" elements="4" coveredelements="4"/>
      </file>
    </package>
    <package name="Mshule\LaravelPipes\Matching">
      <file name="/home/naoray/Workspace/lab/packages/laravel-pipes/src/Matching/CueValidator.php">
        <class name="Mshule\LaravelPipes\Matching\CueValidator" namespace="Mshule\LaravelPipes\Matching">
          <metrics complexity="8" methods="1" coveredmethods="0" conditionals="0" coveredconditionals="0" statements="19" coveredstatements="15" elements="20" coveredelements="15"/>
        </class>
        <line num="19" type="method" name="matches" visibility="public" complexity="8" crap="8.60" count="19"/>
        <line num="24" type="stmt" count="19"/>
        <line num="25" type="stmt" count="4"/>
        <line num="28" type="stmt" count="15"/>
        <line num="29" type="stmt" count="15"/>
        <line num="30" type="stmt" count="15"/>
        <line num="32" type="stmt" count="15"/>
        <line num="35" type="stmt" count="15"/>
        <line num="36" type="stmt" count="12"/>
        <line num="39" type="stmt" count="3"/>
        <line num="40" type="stmt" count="3"/>
        <line num="46" type="stmt" count="0"/>
        <line num="47" type="stmt" count="0"/>
        <line num="48" type="stmt" count="0"/>
        <line num="50" type="stmt" count="0"/>
        <line num="51" type="stmt" count="15"/>
        <line num="53" type="stmt" count="15"/>
        <line num="54" type="stmt" count="12"/>
        <line num="60" type="stmt" count="3"/>
        <line num="61" type="stmt" count="3"/>
        <metrics loc="63" ncloc="39" classes="1" methods="1" coveredmethods="0" conditionals="0" coveredconditionals="0" statements="19" coveredstatements="15" elements="20" coveredelements="15"/>
      </file>
      <file name="/home/naoray/Workspace/lab/packages/laravel-pipes/src/Matching/KeyValidator.php">
        <class name="Mshule\LaravelPipes\Matching\KeyValidator" namespace="Mshule\LaravelPipes\Matching">
          <metrics complexity="1" methods="1" coveredmethods="1" conditionals="0" coveredconditionals="0" statements="3" coveredstatements="3" elements="4" coveredelements="4"/>
        </class>
        <line num="18" type="method" name="matches" visibility="public" complexity="1" crap="1" count="19"/>
        <line num="20" type="stmt" count="19"/>
        <line num="22" type="stmt" count="19"/>
        <line num="24" type="stmt" count="19"/>
        <metrics loc="26" ncloc="18" classes="1" methods="1" coveredmethods="1" conditionals="0" coveredconditionals="0" statements="3" coveredstatements="3" elements="4" coveredelements="4"/>
      </file>
      <file name="/home/naoray/Workspace/lab/packages/laravel-pipes/src/Matching/PatternValidator.php">
        <class name="Mshule\LaravelPipes\Matching\PatternValidator" namespace="Mshule\LaravelPipes\Matching">
          <metrics complexity="1" methods="1" coveredmethods="1" conditionals="0" coveredconditionals="0" statements="1" coveredstatements="1" elements="2" coveredelements="2"/>
        </class>
        <line num="18" type="method" name="matches" visibility="public" complexity="1" crap="1" count="17"/>
        <line num="20" type="stmt" count="17"/>
        <metrics loc="22" ncloc="14" classes="1" methods="1" coveredmethods="1" conditionals="0" coveredconditionals="0" statements="1" coveredstatements="1" elements="2" coveredelements="2"/>
      </file>
    </package>
    <file name="/home/naoray/Workspace/lab/packages/laravel-pipes/src/Matching/ValidatorInterface.php">
      <metrics loc="18" ncloc="11" classes="0" methods="0" coveredmethods="0" conditionals="0" coveredconditionals="0" statements="0" coveredstatements="0" elements="0" coveredelements="0"/>
    </file>
    <package name="Mshule\LaravelPipes\Testing\Fakes">
      <file name="/home/naoray/Workspace/lab/packages/laravel-pipes/src/Testing/Fakes/PipeFake.php">
        <class name="Mshule\LaravelPipes\Testing\Fakes\PipeFake" namespace="Mshule\LaravelPipes\Testing\Fakes">
          <metrics complexity="4" methods="3" coveredmethods="3" conditionals="0" coveredconditionals="0" statements="11" coveredstatements="11" elements="14" coveredelements="14"/>
        </class>
        <line num="17" type="method" name="assertRequested" visibility="public" complexity="1" crap="1" count="1"/>
        <line num="19" type="stmt" count="1"/>
        <line num="21" type="stmt" count="1"/>
        <line num="22" type="stmt" count="1"/>
        <line num="29" type="method" name="assertResponded" visibility="public" complexity="1" crap="1" count="20"/>
        <line num="31" type="stmt" count="20"/>
        <line num="33" type="stmt" count="20"/>
        <line num="34" type="stmt" count="20"/>
        <line num="44" type="method" name="getTruthTestCallback" visibility="protected" complexity="2" crap="2" count="21"/>
        <line num="46" type="stmt" count="21"/>
        <line num="48" type="stmt" count="19"/>
        <line num="50" type="stmt" count="19"/>
        <line num="51" type="stmt" count="19"/>
        <line num="52" type="stmt" count="21"/>
        <metrics loc="54" ncloc="36" classes="1" methods="3" coveredmethods="3" conditionals="0" coveredconditionals="0" statements="11" coveredstatements="11" elements="14" coveredelements="14"/>
      </file>
    </package>
    <package name="Mshule\LaravelPipes\Testing">
      <file name="/home/naoray/Workspace/lab/packages/laravel-pipes/src/Testing/MakesPipeRequests.php">
        <class name="MakesPipeRequests" namespace="Mshule\LaravelPipes\Testing">
          <metrics complexity="1" methods="1" coveredmethods="1" conditionals="0" coveredconditionals="0" statements="1" coveredstatements="1" elements="2" coveredelements="2"/>
        </class>
        <line num="13" type="method" name="pipe" visibility="protected" complexity="1" crap="1" count="24"/>
        <line num="15" type="stmt" count="24"/>
        <metrics loc="17" ncloc="11" classes="1" methods="1" coveredmethods="1" conditionals="0" coveredconditionals="0" statements="1" coveredstatements="1" elements="2" coveredelements="2"/>
      </file>
    </package>
    <metrics files="23" loc="1765" ncloc="1036" classes="21" methods="83" coveredmethods="60" conditionals="0" coveredconditionals="0" statements="295" coveredstatements="248" elements="378" coveredelements="308"/>
  </project>
</coverage>
